[debug] [2022-08-22T22:33:08.219Z] ----------------------------------------------------------------------
[debug] [2022-08-22T22:33:08.222Z] Command:       C:\Program Files\nodejs\node.exe C:\Users\USUARIO\AppData\Roaming\npm\node_modules\firebase-tools\lib\bin\firebase.js init
[debug] [2022-08-22T22:33:08.223Z] CLI Version:   11.8.0
[debug] [2022-08-22T22:33:08.223Z] Platform:      win32
[debug] [2022-08-22T22:33:08.223Z] Node Version:  v16.15.0
[debug] [2022-08-22T22:33:08.230Z] Time:          Mon Aug 22 2022 17:33:08 GMT-0500 (hora estándar de Colombia)
[debug] [2022-08-22T22:33:08.230Z] ----------------------------------------------------------------------
[debug] 
[debug] [2022-08-22T22:33:08.331Z] > command requires scopes: ["email","openid","https://www.googleapis.com/auth/cloudplatformprojects.readonly","https://www.googleapis.com/auth/firebase","https://www.googleapis.com/auth/cloud-platform"]
[debug] [2022-08-22T22:33:08.332Z] > authorizing via signed-in user (luisestupinan11@gmail.com)
[info] 
     ######## #### ########  ######## ########     ###     ######  ########
     ##        ##  ##     ## ##       ##     ##  ##   ##  ##       ##
     ######    ##  ########  ######   ########  #########  ######  ######
     ##        ##  ##    ##  ##       ##     ## ##     ##       ## ##
     ##       #### ##     ## ######## ########  ##     ##  ######  ########

You're about to initialize a Firebase project in this directory:

  C:\Users\USUARIO\Angular\control-clientes

Before we get started, keep in mind:

  * You are initializing within an existing Firebase project directory

[info] 
=== Project Setup
[info] 
[info] First, let's associate this project directory with a Firebase project.
[info] You can create multiple project aliases by running firebase use --add, 
[info] but for now we'll just set up a default project.
[info] 
[debug] [2022-08-22T22:35:48.975Z] >>> [apiv2][query] GET https://firebase.googleapis.com/v1beta1/projects pageSize=100
[debug] [2022-08-22T22:35:49.696Z] <<< [apiv2][status] GET https://firebase.googleapis.com/v1beta1/projects 200
[debug] [2022-08-22T22:35:49.696Z] <<< [apiv2][body] GET https://firebase.googleapis.com/v1beta1/projects [omitted]
[info] i  Using project control-clientes-af474 (control-clientes) 
[info] 
=== Firestore Setup
[debug] [2022-08-22T22:35:54.134Z] >>> [apiv2][query] GET https://serviceusage.googleapis.com/v1/projects/control-clientes-af474/services/firestore.googleapis.com [none]
[debug] [2022-08-22T22:35:55.312Z] <<< [apiv2][status] GET https://serviceusage.googleapis.com/v1/projects/control-clientes-af474/services/firestore.googleapis.com 200
[debug] [2022-08-22T22:35:55.312Z] <<< [apiv2][body] GET https://serviceusage.googleapis.com/v1/projects/control-clientes-af474/services/firestore.googleapis.com [omitted]
[debug] [2022-08-22T22:35:55.313Z] >>> [apiv2][query] GET https://appengine.googleapis.com/v1/apps/control-clientes-af474 [none]
[debug] [2022-08-22T22:35:56.235Z] <<< [apiv2][status] GET https://appengine.googleapis.com/v1/apps/control-clientes-af474 200
[debug] [2022-08-22T22:35:56.236Z] <<< [apiv2][body] GET https://appengine.googleapis.com/v1/apps/control-clientes-af474 {"name":"apps/control-clientes-af474","id":"control-clientes-af474","authDomain":"gmail.com","locationId":"us-central","codeBucket":"staging.control-clientes-af474.appspot.com","servingStatus":"SERVING","defaultHostname":"control-clientes-af474.uc.r.appspot.com","defaultBucket":"control-clientes-af474.appspot.com","serviceAccount":"control-clientes-af474@appspot.gserviceaccount.com","gcrDomain":"us.gcr.io","databaseType":"CLOUD_FIRESTORE","featureSettings":{"splitHealthChecks":true,"useContainerOptimizedOs":true}}
[debug] [2022-08-22T22:35:56.237Z] database_type: CLOUD_FIRESTORE
[debug] [2022-08-22T22:35:56.237Z] > command requires scopes: ["email","openid","https://www.googleapis.com/auth/cloudplatformprojects.readonly","https://www.googleapis.com/auth/firebase","https://www.googleapis.com/auth/cloud-platform"]
[debug] [2022-08-22T22:35:56.238Z] > authorizing via signed-in user (luisestupinan11@gmail.com)
[debug] [2022-08-22T22:35:56.239Z] [iam] checking project control-clientes-af474 for permissions ["firebase.projects.get"]
[debug] [2022-08-22T22:35:56.240Z] >>> [apiv2][query] POST https://cloudresourcemanager.googleapis.com/v1/projects/control-clientes-af474:testIamPermissions [none]
[debug] [2022-08-22T22:35:56.240Z] >>> [apiv2][(partial)header] POST https://cloudresourcemanager.googleapis.com/v1/projects/control-clientes-af474:testIamPermissions x-goog-quota-user=projects/control-clientes-af474
[debug] [2022-08-22T22:35:56.240Z] >>> [apiv2][body] POST https://cloudresourcemanager.googleapis.com/v1/projects/control-clientes-af474:testIamPermissions {"permissions":["firebase.projects.get"]}
[debug] [2022-08-22T22:35:56.981Z] <<< [apiv2][status] POST https://cloudresourcemanager.googleapis.com/v1/projects/control-clientes-af474:testIamPermissions 200
[debug] [2022-08-22T22:35:56.982Z] <<< [apiv2][body] POST https://cloudresourcemanager.googleapis.com/v1/projects/control-clientes-af474:testIamPermissions {"permissions":["firebase.projects.get"]}
[info] 
[info] Firestore Security Rules allow you to define how and when to allow
[info] requests. You can keep these rules in your project directory
[info] and publish them with firebase deploy.
[info] 
[debug] [2022-08-22T22:36:16.932Z] >>> [apiv2][query] GET https://firebaserules.googleapis.com/v1/projects/control-clientes-af474/releases pageSize=10&pageToken=
[debug] [2022-08-22T22:36:17.355Z] <<< [apiv2][status] GET https://firebaserules.googleapis.com/v1/projects/control-clientes-af474/releases 200
[debug] [2022-08-22T22:36:17.355Z] <<< [apiv2][body] GET https://firebaserules.googleapis.com/v1/projects/control-clientes-af474/releases {"releases":[{"name":"projects/control-clientes-af474/releases/cloud.firestore","rulesetName":"projects/control-clientes-af474/rulesets/05c2d7db-b6ed-4b81-bb9b-a4ac0aa9b218","createTime":"2022-08-16T19:34:26.213165Z","updateTime":"2022-08-19T18:59:28.213840Z"}]}
[debug] [2022-08-22T22:36:17.356Z] Found ruleset: projects/control-clientes-af474/rulesets/05c2d7db-b6ed-4b81-bb9b-a4ac0aa9b218
[debug] [2022-08-22T22:36:17.356Z] >>> [apiv2][query] GET https://firebaserules.googleapis.com/v1/projects/control-clientes-af474/rulesets/05c2d7db-b6ed-4b81-bb9b-a4ac0aa9b218 [none]
[debug] [2022-08-22T22:36:17.674Z] <<< [apiv2][status] GET https://firebaserules.googleapis.com/v1/projects/control-clientes-af474/rulesets/05c2d7db-b6ed-4b81-bb9b-a4ac0aa9b218 200
[debug] [2022-08-22T22:36:17.674Z] <<< [apiv2][body] GET https://firebaserules.googleapis.com/v1/projects/control-clientes-af474/rulesets/05c2d7db-b6ed-4b81-bb9b-a4ac0aa9b218 [omitted]
[info] 
[info] Firestore indexes allow you to perform complex queries while
[info] maintaining performance that scales with the size of the result
[info] set. You can keep index definitions in your project directory
[info] and publish them with firebase deploy.
[info] 
[debug] [2022-08-22T22:36:21.639Z] >>> [apiv2][query] GET https://firestore.googleapis.com/v1/projects/control-clientes-af474/databases/(default)/collectionGroups/-/indexes [none]
[debug] [2022-08-22T22:36:21.641Z] >>> [apiv2][query] GET https://firestore.googleapis.com/v1/projects/control-clientes-af474/databases/(default)/collectionGroups/-/fields?filter=indexConfig.usesAncestorConfig=false [none]
[debug] [2022-08-22T22:36:22.599Z] <<< [apiv2][status] GET https://firestore.googleapis.com/v1/projects/control-clientes-af474/databases/(default)/collectionGroups/-/indexes 200
[debug] [2022-08-22T22:36:22.599Z] <<< [apiv2][body] GET https://firestore.googleapis.com/v1/projects/control-clientes-af474/databases/(default)/collectionGroups/-/indexes {}
[debug] [2022-08-22T22:36:22.664Z] <<< [apiv2][status] GET https://firestore.googleapis.com/v1/projects/control-clientes-af474/databases/(default)/collectionGroups/-/fields?filter=indexConfig.usesAncestorConfig=false 200
[debug] [2022-08-22T22:36:22.664Z] <<< [apiv2][body] GET https://firestore.googleapis.com/v1/projects/control-clientes-af474/databases/(default)/collectionGroups/-/fields?filter=indexConfig.usesAncestorConfig=false {"fields":[{"name":"projects/control-clientes-af474/databases/(default)/collectionGroups/__default__/fields/*","indexConfig":{"indexes":[{"queryScope":"COLLECTION","fields":[{"fieldPath":"*","order":"ASCENDING"}],"state":"READY"},{"queryScope":"COLLECTION","fields":[{"fieldPath":"*","order":"DESCENDING"}],"state":"READY"},{"queryScope":"COLLECTION","fields":[{"fieldPath":"*","arrayConfig":"CONTAINS"}],"state":"READY"}]}}]}
[info] 
=== Hosting Setup
[info] 
[info] Your public directory is the folder (relative to your project directory) that
[info] will contain Hosting assets to be uploaded with firebase deploy. If you
[info] have a build process for your assets, use your build's output directory.
[info] 
[debug] [2022-08-22T22:36:58.610Z] >>> [apiv2][query] GET https://www.gstatic.com/firebasejs/releases.json [none]
[debug] [2022-08-22T22:36:58.897Z] <<< [apiv2][status] GET https://www.gstatic.com/firebasejs/releases.json 200
[debug] [2022-08-22T22:36:58.898Z] <<< [apiv2][body] GET https://www.gstatic.com/firebasejs/releases.json {"current":{"version":"9.9.3","browserURL":"https://www.gstatic.com/firebasejs/9.9.3/firebase.js","packageURL":"https://www.gstatic.com/firebasejs/9.9.3/firebase.tgz"},"live":{"version":"9.9","browserURL":"https://www.gstatic.com/firebasejs/live/9.9/firebase.js","packageURL":"https://www.gstatic.com/firebasejs/live/9.9/firebase.tgz"},"components":{"analytics":"https://www.gstatic.com/firebasejs/9.9.3/firebase-analytics.js","app":"https://www.gstatic.com/firebasejs/9.9.3/firebase-app.js","app-check":"https://www.gstatic.com/firebasejs/9.9.3/firebase-app-check.js","auth":"https://www.gstatic.com/firebasejs/9.9.3/firebase-auth.js","auth/cordova":"https://www.gstatic.com/firebasejs/9.9.3/firebase-auth/cordova.js","auth/react-native":"https://www.gstatic.com/firebasejs/9.9.3/firebase-auth/react-native.js","functions":"https://www.gstatic.com/firebasejs/9.9.3/firebase-functions.js","firestore":"https://www.gstatic.com/firebasejs/9.9.3/firebase-firestore.js","firestore/lite":"https://www.gstatic.com/firebasejs/9.9.3/firebase-firestore/lite.js","installations":"https://www.gstatic.com/firebasejs/9.9.3/firebase-installations.js","storage":"https://www.gstatic.com/firebasejs/9.9.3/firebase-storage.js","performance":"https://www.gstatic.com/firebasejs/9.9.3/firebase-performance.js","remote-config":"https://www.gstatic.com/firebasejs/9.9.3/firebase-remote-config.js","messaging":"https://www.gstatic.com/firebasejs/9.9.3/firebase-messaging.js","messaging/sw":"https://www.gstatic.com/firebasejs/9.9.3/firebase-messaging/sw.js","database":"https://www.gstatic.com/firebasejs/9.9.3/firebase-database.js","firestore.memory":"https://www.gstatic.com/firebasejs/9.9.3/firebase-firestore.memory.js"}}
[info] +  Wrote dist/index.html 
[info] 
[info] i  Detected a .git folder at C:\Users\USUARIO\Angular\control-clientes 
[info] i  Authorizing with GitHub to upload your service account to a GitHub repository's secrets store. 
[info] 
[info] Visit this URL on this device to log in:
[info] https://github.com/login/oauth/authorize?client_id=89cf50f02ac6aaed3484&state=831288192&redirect_uri=http%3A%2F%2Flocalhost%3A9005&scope=read%3Auser%20repo%20public_repo
[info] 
[info] Waiting for authentication...
[debug] [2022-08-22T22:37:11.524Z] >>> [apiv2][query] POST https://github.com/login/oauth/access_token [none]
[debug] [2022-08-22T22:37:11.524Z] >>> [apiv2][body] POST https://github.com/login/oauth/access_token [stream]
[debug] [2022-08-22T22:37:12.210Z] <<< [apiv2][status] POST https://github.com/login/oauth/access_token 200
[debug] [2022-08-22T22:37:12.210Z] <<< [apiv2][body] POST https://github.com/login/oauth/access_token {"access_token":"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","token_type":"bearer","scope":"read:user,repo"}
[debug] [2022-08-22T22:37:12.223Z] >>> [apiv2][query] GET https://api.github.com/user [none]
[debug] [2022-08-22T22:37:12.926Z] <<< [apiv2][status] GET https://api.github.com/user 200
[debug] [2022-08-22T22:37:12.926Z] <<< [apiv2][body] GET https://api.github.com/user {"login":"luisalejandro708","id":54853290,"node_id":"MDQ6VXNlcjU0ODUzMjkw","avatar_url":"https://avatars.githubusercontent.com/u/54853290?v=4","gravatar_id":"","url":"https://api.github.com/users/luisalejandro708","html_url":"https://github.com/luisalejandro708","followers_url":"https://api.github.com/users/luisalejandro708/followers","following_url":"https://api.github.com/users/luisalejandro708/following{/other_user}","gists_url":"https://api.github.com/users/luisalejandro708/gists{/gist_id}","starred_url":"https://api.github.com/users/luisalejandro708/starred{/owner}{/repo}","subscriptions_url":"https://api.github.com/users/luisalejandro708/subscriptions","organizations_url":"https://api.github.com/users/luisalejandro708/orgs","repos_url":"https://api.github.com/users/luisalejandro708/repos","events_url":"https://api.github.com/users/luisalejandro708/events{/privacy}","received_events_url":"https://api.github.com/users/luisalejandro708/received_events","type":"User","site_admin":false,"name":null,"company":null,"blog":"","location":null,"email":null,"hireable":null,"bio":null,"twitter_username":null,"public_repos":4,"public_gists":0,"followers":0,"following":0,"created_at":"2019-09-03T14:43:16Z","updated_at":"2022-08-04T01:46:10Z","private_gists":0,"total_private_repos":0,"owned_private_repos":0,"disk_usage":493,"collaborators":0,"two_factor_authentication":false,"plan":{"name":"free","space":976562499,"collaborators":0,"private_repos":10000}}
[info] 
[info] +  Success! Logged into GitHub as luisalejandro708 
[info] 
[debug] [2022-08-22T22:38:10.473Z] >>> [apiv2][query] GET https://api.github.com/repos//actions/secrets/public-key type=owner
[debug] [2022-08-22T22:38:11.028Z] <<< [apiv2][status] GET https://api.github.com/repos//actions/secrets/public-key 404
[debug] [2022-08-22T22:38:11.028Z] <<< [apiv2][body] GET https://api.github.com/repos//actions/secrets/public-key {"message":"Not Found","documentation_url":"https://docs.github.com/rest"}
[debug] [2022-08-22T22:38:11.934Z] >>> [apiv2][query] GET https://api.github.com/repos//actions/secrets/public-key type=owner
[debug] [2022-08-22T22:38:12.523Z] <<< [apiv2][status] GET https://api.github.com/repos//actions/secrets/public-key 404
[debug] [2022-08-22T22:38:12.523Z] <<< [apiv2][body] GET https://api.github.com/repos//actions/secrets/public-key {"message":"Not Found","documentation_url":"https://docs.github.com/rest"}
[debug] [2022-08-22T22:43:41.599Z] >>> [apiv2][query] GET https://api.github.com/repos/luisalejandro708/control-clientes/actions/secrets/public-key type=owner
[debug] [2022-08-22T22:43:42.039Z] <<< [apiv2][status] GET https://api.github.com/repos/luisalejandro708/control-clientes/actions/secrets/public-key 404
[debug] [2022-08-22T22:43:42.040Z] <<< [apiv2][body] GET https://api.github.com/repos/luisalejandro708/control-clientes/actions/secrets/public-key {"message":"Not Found","documentation_url":"https://docs.github.com/rest/reference/actions#get-a-repository-public-key"}
[debug] [2022-08-22T22:43:42.682Z] >>> [apiv2][query] GET https://api.github.com/repos/luisalejandro708/control-clientes/actions/secrets/public-key type=owner
[debug] [2022-08-22T22:43:43.164Z] <<< [apiv2][status] GET https://api.github.com/repos/luisalejandro708/control-clientes/actions/secrets/public-key 404
[debug] [2022-08-22T22:43:43.164Z] <<< [apiv2][body] GET https://api.github.com/repos/luisalejandro708/control-clientes/actions/secrets/public-key {"message":"Not Found","documentation_url":"https://docs.github.com/rest/reference/actions#get-a-repository-public-key"}
[debug] [2022-08-22T22:43:43.431Z] >>> [apiv2][query] GET https://api.github.com/repos/luisalejandro708/control-clientes/actions/secrets/public-key type=owner
[debug] [2022-08-22T22:43:43.603Z] >>> [apiv2][query] GET https://api.github.com/repos//actions/secrets/public-key type=owner
[debug] [2022-08-22T22:43:43.801Z] >>> [apiv2][query] GET https://api.github.com/repos//actions/secrets/public-key type=owner
[debug] [2022-08-22T22:43:43.913Z] >>> [apiv2][query] GET https://api.github.com/repos//actions/secrets/public-key type=owner
[debug] [2022-08-22T22:43:43.991Z] <<< [apiv2][status] GET https://api.github.com/repos/luisalejandro708/control-clientes/actions/secrets/public-key 404
[debug] [2022-08-22T22:43:43.991Z] <<< [apiv2][body] GET https://api.github.com/repos/luisalejandro708/control-clientes/actions/secrets/public-key {"message":"Not Found","documentation_url":"https://docs.github.com/rest/reference/actions#get-a-repository-public-key"}
[debug] [2022-08-22T22:43:44.069Z] >>> [apiv2][query] GET https://api.github.com/repos/luisalejandro708/control-clientes/actions/secrets/public-key type=owner
[debug] [2022-08-22T22:43:44.194Z] <<< [apiv2][status] GET https://api.github.com/repos//actions/secrets/public-key 404
[debug] [2022-08-22T22:43:44.194Z] <<< [apiv2][body] GET https://api.github.com/repos//actions/secrets/public-key {"message":"Not Found","documentation_url":"https://docs.github.com/rest"}
[debug] [2022-08-22T22:43:44.210Z] <<< [apiv2][status] GET https://api.github.com/repos//actions/secrets/public-key 404
[debug] [2022-08-22T22:43:44.211Z] <<< [apiv2][body] GET https://api.github.com/repos//actions/secrets/public-key {"message":"Not Found","documentation_url":"https://docs.github.com/rest"}
[debug] [2022-08-22T22:43:44.304Z] <<< [apiv2][status] GET https://api.github.com/repos//actions/secrets/public-key 404
[debug] [2022-08-22T22:43:44.304Z] <<< [apiv2][body] GET https://api.github.com/repos//actions/secrets/public-key {"message":"Not Found","documentation_url":"https://docs.github.com/rest"}
[debug] [2022-08-22T22:43:44.496Z] <<< [apiv2][status] GET https://api.github.com/repos/luisalejandro708/control-clientes/actions/secrets/public-key 404
[debug] [2022-08-22T22:43:44.496Z] <<< [apiv2][body] GET https://api.github.com/repos/luisalejandro708/control-clientes/actions/secrets/public-key {"message":"Not Found","documentation_url":"https://docs.github.com/rest/reference/actions#get-a-repository-public-key"}
